<?xml version="1.0" encoding="UTF-8"?>
<!-- Generated by org.testng.reporters.JUnitXMLReporter -->
<testsuite ignored="0" hostname="NOT-TIS-CON62" failures="0" tests="6" name="RestAssuredProject" time="5.906" errors="0" timestamp="2023-08-17T11:47:06 WAT">
  <testcase classname="APITests" name="Delete" time="2.865"/>
  <testcase classname="APITests" name="Get1" time="1.146"/>
  <testcase classname="APITests" name="Get2" time="0.094"/>
  <testcase classname="APITests" name="Patch" time="0.618"/>
  <testcase classname="APITests" name="Post" time="0.521"/>
  <testcase classname="APITests" name="Put" time="0.574"/>
</testsuite> <!-- RestAssuredProject -->
